
Showing logs for build [32mcl-meetups-spring-boot-jenkins-1[0m stage [32mmeta-pipeline[0m and container [32mstep-credential-initializer-jbhj7[0m
{"level":"warn","ts":1568560365.9398887,"logger":"fallback-logger","caller":"logging/config.go:69","msg":"Fetch GitHub commit ID from kodata failed: \"ref: refs/heads/master\" is not a valid GitHub commit ID"}
{"level":"info","ts":1568560365.9411695,"logger":"fallback-logger","caller":"creds-init/main.go:40","msg":"Credentials initialized."}

Showing logs for build [32mcl-meetups-spring-boot-jenkins-1[0m stage [32mmeta-pipeline[0m and container [32mstep-working-dir-initializer-87wjn[0m
{"level":"warn","ts":1568560375.5724719,"logger":"fallback-logger","caller":"logging/config.go:69","msg":"Fetch GitHub commit ID from kodata failed: open /var/run/ko/HEAD: no such file or directory"}
{"level":"info","ts":1568560375.575098,"logger":"fallback-logger","caller":"bash/main.go:65","msg":"Successfully executed command \"mkdir -p /workspace/source\""}

Showing logs for build [32mcl-meetups-spring-boot-jenkins-1[0m stage [32mmeta-pipeline[0m and container [32mstep-place-tools[0m

Showing logs for build [32mcl-meetups-spring-boot-jenkins-1[0m stage [32mmeta-pipeline[0m and container [32mstep-git-source-meta-cl-meetups-spring-boot-jen-2nx62[0m
{"level":"warn","ts":1568560416.0628808,"logger":"fallback-logger","caller":"logging/config.go:69","msg":"Fetch GitHub commit ID from kodata failed: \"ref: refs/heads/master\" is not a valid GitHub commit ID"}
{"level":"info","ts":1568560417.1782608,"logger":"fallback-logger","caller":"git/git.go:102","msg":"Successfully cloned https://github.com/cl-meetups/spring-boot-jenkins-x-demo.git @ 0e18be47091fd36a816e88b7f9b9e620147b98ee in path /workspace/source"}

Showing logs for build [32mcl-meetups-spring-boot-jenkins-1[0m stage [32mmeta-pipeline[0m and container [32mstep-git-merge[0m
Using SHAs from PULL_REFS=master:0e18be47091fd36a816e88b7f9b9e620147b98ee
WARNING: no SHAs to merge, falling back to initial cloned commit

Showing logs for build [32mcl-meetups-spring-boot-jenkins-1[0m stage [32mmeta-pipeline[0m and container [32mstep-merge-pull-refs[0m
SKIP merge-pull-refs: Nothing to merge

Showing logs for build [32mcl-meetups-spring-boot-jenkins-1[0m stage [32mmeta-pipeline[0m and container [32mstep-create-effective-pipeline[0m
Deleting and cloning the Jenkins X versions repo
Cloning the Jenkins X versions repo https://github.com/jenkins-x/jenkins-x-versions.git with ref refs/heads/master to /builder/home/.**/jenkins-x-versions
Effective pipeline written to jenkins-x-effective.yml

Showing logs for build [32mcl-meetups-spring-boot-jenkins-1[0m stage [32mmeta-pipeline[0m and container [32mstep-create-tekton-crds[0m
running command: echo \$(**-release-version) > VERSION

running command: mvn versions:set -DnewVersion=\$(cat VERSION)
Picked up _JAVA_OPTIONS: -XX:+UnlockExperimentalVMOptions -XX:+UseCGroupMemoryLimitForHeap -Dsun.zip.disableMemoryMapping=true -XX:+UseParallelGC -XX:MinHeapFreeRatio=5 -XX:MaxHeapFreeRatio=10 -XX:GCTimeRatio=4 -XX:AdaptiveSizePolicyWeight=90 -Xms10m -Xmx192m
OpenJDK 64-Bit Server VM warning: If the number of processors is expected to increase from one, then you should configure the number of parallel GC threads appropriately using -XX:ParallelGCThreads=N
[INFO] Scanning for projects...
[INFO] 
[INFO] --< com.github.jenkinsx.quickstarts:spring-boot-rest-prometheus-java11 >--
[INFO] Building spring-boot-rest-prometheus 0.0.1-SNAPSHOT
[INFO] --------------------------------[ jar ]---------------------------------
[INFO] 
[INFO] --- versions-maven-plugin:2.7:set (default-cli) @ spring-boot-rest-prometheus-java11 ---
[INFO] Searching for local aggregator root...
[INFO] Local aggregation root: /workspace/source
[INFO] Processing change of com.github.jenkinsx.quickstarts:spring-boot-rest-prometheus-java11:0.0.1-SNAPSHOT -> 0.0.1
[INFO] Processing com.github.jenkinsx.quickstarts:spring-boot-rest-prometheus-java11
[INFO]     Updating project com.github.jenkinsx.quickstarts:spring-boot-rest-prometheus-java11
[INFO]         from version 0.0.1-SNAPSHOT to 0.0.1
[INFO] 
[INFO] ------------------------------------------------------------------------
[INFO] BUILD SUCCESS
[INFO] ------------------------------------------------------------------------
[INFO] Total time:  02:08 min
[INFO] Finished at: 2019-09-15T15:15:58Z
[INFO] ------------------------------------------------------------------------

running command: ** step tag --version \$(cat VERSION)
Updating chart version in charts/spring-boot-jenkins-x-demo/Chart.yaml to 0.0.1
Updating repository in charts/spring-boot-jenkins-x-demo/values.yaml to 10.104.86.102:5000/cl-meetups/spring-boot-jenkins-x-demo
Updating tag in charts/spring-boot-jenkins-x-demo/values.yaml to 0.0.1
Tag v0.0.1 created and pushed to remote origin

WARNING: failed to find secret kaniko-secret in namespace **: secrets "kaniko-secret" not found
PipelineActivity for cl-meetups-spring-boot-jenkins-x-demo-master-1
Applying changes 
upserted PipelineResource cl-meetups-spring-boot-jenkins for the git repository https://github.com/cl-meetups/spring-boot-jenkins-x-demo.git
upserted Task cl-meetups-spring-boot-jenkins-from-build-pack-1
upserted Pipeline cl-meetups-spring-boot-jenkins-1
created PipelineRun cl-meetups-spring-boot-jenkins-1
created PipelineStructure cl-meetups-spring-boot-jenkins-1

Showing logs for build [32mcl-meetups-spring-boot-jenkins-1[0m stage [32mfrom-build-pack[0m and container [32mstep-credential-initializer-tnn6f[0m
{"level":"warn","ts":1568560563.9036856,"logger":"fallback-logger","caller":"logging/config.go:69","msg":"Fetch GitHub commit ID from kodata failed: \"ref: refs/heads/master\" is not a valid GitHub commit ID"}
{"level":"info","ts":1568560563.9052117,"logger":"fallback-logger","caller":"creds-init/main.go:40","msg":"Credentials initialized."}

Showing logs for build [32mcl-meetups-spring-boot-jenkins-1[0m stage [32mfrom-build-pack[0m and container [32mstep-working-dir-initializer-ch2t8[0m
{"level":"warn","ts":1568560564.3654344,"logger":"fallback-logger","caller":"logging/config.go:69","msg":"Fetch GitHub commit ID from kodata failed: open /var/run/ko/HEAD: no such file or directory"}
{"level":"info","ts":1568560564.3667817,"logger":"fallback-logger","caller":"bash/main.go:65","msg":"Successfully executed command \"mkdir -p /workspace/source /workspace/source/charts/spring-boot-jenkins-x-demo\""}

Showing logs for build [32mcl-meetups-spring-boot-jenkins-1[0m stage [32mfrom-build-pack[0m and container [32mstep-place-tools[0m

Showing logs for build [32mcl-meetups-spring-boot-jenkins-1[0m stage [32mfrom-build-pack[0m and container [32mstep-git-source-cl-meetups-spring-boot-jenkins-trfvg[0m
{"level":"warn","ts":1568560581.5354483,"logger":"fallback-logger","caller":"logging/config.go:69","msg":"Fetch GitHub commit ID from kodata failed: \"ref: refs/heads/master\" is not a valid GitHub commit ID"}
{"level":"info","ts":1568560582.8052661,"logger":"fallback-logger","caller":"git/git.go:102","msg":"Successfully cloned https://github.com/cl-meetups/spring-boot-jenkins-x-demo.git @ v0.0.1 in path /workspace/source"}

Showing logs for build [32mcl-meetups-spring-boot-jenkins-1[0m stage [32mfrom-build-pack[0m and container [32mstep-git-merge[0m
Using SHAs from PULL_REFS=master:0e18be47091fd36a816e88b7f9b9e620147b98ee
WARNING: no SHAs to merge, falling back to initial cloned commit

Showing logs for build [32mcl-meetups-spring-boot-jenkins-1[0m stage [32mfrom-build-pack[0m and container [32mstep-setup-jx-git-credentials[0m
Generated Git credentials file /workspace/xdg_config/git/credentials

Showing logs for build [32mcl-meetups-spring-boot-jenkins-1[0m stage [32mfrom-build-pack[0m and container [32mstep-build-mvn-deploy[0m
Picked up _JAVA_OPTIONS: -XX:+UnlockExperimentalVMOptions -XX:+UseCGroupMemoryLimitForHeap -Dsun.zip.disableMemoryMapping=true -XX:+UseParallelGC -XX:MinHeapFreeRatio=5 -XX:MaxHeapFreeRatio=10 -XX:GCTimeRatio=4 -XX:AdaptiveSizePolicyWeight=90 -Xms10m -Xmx192m
OpenJDK 64-Bit Server VM warning: If the number of processors is expected to increase from one, then you should configure the number of parallel GC threads appropriately using -XX:ParallelGCThreads=N
[INFO] Scanning for projects...
[INFO] 
[INFO] --< com.github.jenkinsx.quickstarts:spring-boot-rest-prometheus-java11 >--
[INFO] Building spring-boot-rest-prometheus 0.0.1
[INFO] --------------------------------[ jar ]---------------------------------
[INFO] 
[INFO] --- maven-clean-plugin:3.1.0:clean (default-clean) @ spring-boot-rest-prometheus-java11 ---
[INFO] 
[INFO] --- maven-resources-plugin:3.1.0:resources (default-resources) @ spring-boot-rest-prometheus-java11 ---
[INFO] Using 'UTF-8' encoding to copy filtered resources.
[INFO] Copying 1 resource
[INFO] Copying 0 resource
[INFO] 
[INFO] --- maven-compiler-plugin:3.8.0:compile (default-compile) @ spring-boot-rest-prometheus-java11 ---
[INFO] Changes detected - recompiling the module!
[INFO] Compiling 1 source file to /workspace/source/target/classes
[INFO] ------------------------------------------------------------------------
[INFO] BUILD FAILURE
[INFO] ------------------------------------------------------------------------
[INFO] Total time:  01:13 min
[INFO] Finished at: 2019-09-15T15:17:39Z
[INFO] ------------------------------------------------------------------------
[ERROR] Failed to execute goal org.apache.maven.plugins:maven-compiler-plugin:3.8.0:compile (default-compile) on project spring-boot-rest-prometheus-java11: Fatal error compiling: invalid target release: 11 -> [Help 1]
[ERROR] 
[ERROR] To see the full stack trace of the errors, re-run Maven with the -e switch.
[ERROR] Re-run Maven using the -X switch to enable full debug logging.
[ERROR] 
[ERROR] For more information about the errors and possible solutions, please read the following articles:
[ERROR] [Help 1] http://cwiki.apache.org/confluence/display/MAVEN/MojoExecutionException
[31m
Pipeline failed on stage 'from-build-pack' : container 'step-build-mvn-deploy'. The execution of the pipeline has stopped.[0m
